<?xml version="1.0" encoding="UTF-8"?>
<!-- Generated by org.testng.reporters.JUnitXMLReporter -->
<testsuite hostname="Ashish-Laptop" ignored="0" name="Default test" tests="2" failures="0" timestamp="2021-08-07T22:42:45 IST" time="29.323" errors="0">
  <testcase name="searchItemTest" time="5.905" classname="com.companyName.projectName.TestCases.SearchItemOnAmazonTest"/>
  <testcase name="searchItemTest" time="7.044" classname="com.companyName.projectName.TestCases.SearchItemOnAmazonTest"/>
</testsuite> <!-- Default test -->
