<?xml version="1.0" encoding="UTF-8"?>
<!-- Generated by org.testng.reporters.JUnitXMLReporter -->
<testsuite hostname="Ashish-Laptop" ignored="0" name="Default test" tests="2" failures="0" timestamp="2021-08-03T01:46:45 IST" time="33.904" errors="0">
  <testcase name="searchItemTest" time="10.247" classname="com.companyName.projectName.TestCases.SearchItemOnAmazonTest"/>
  <testcase name="searchItemTest" time="11.189" classname="com.companyName.projectName.TestCases.SearchItemOnAmazonTest"/>
</testsuite> <!-- Default test -->
