<?xml version="1.0" encoding="UTF-8"?>
<!-- Generated by org.testng.reporters.JUnitXMLReporter -->
<testsuite hostname="Ashish-Laptop" ignored="0" name="Sample Regression Test" tests="2" failures="0" timestamp="2021-08-04T23:43:24 IST" time="24.544" errors="0">
  <testcase name="searchItemTest" time="5.372" classname="com.companyName.projectName.TestCases.SearchItemOnAmazonTest"/>
  <testcase name="searchItemTest" time="5.424" classname="com.companyName.projectName.TestCases.SearchItemOnAmazonTest"/>
</testsuite> <!-- Sample Regression Test -->
