<?xml version="1.0" encoding="UTF-8"?>
<!-- Generated by org.testng.reporters.JUnitXMLReporter -->
<testsuite hostname="Ashish-Laptop" ignored="0" name="Sample Regression Test" tests="2" failures="0" timestamp="2021-08-08T16:13:31 IST" time="49.912" errors="0">
  <testcase name="searchItemTest" time="9.961" classname="com.companyName.projectName.TestCases.SearchItemOnAmazonTest"/>
  <testcase name="searchItemTest" time="9.098" classname="com.companyName.projectName.TestCases.SearchItemOnAmazonTest"/>
</testsuite> <!-- Sample Regression Test -->
